  ANN.cpp
c:\users\us3rs\desktop\machine learning\it works!\ann\ann\layer.h(20): warning C4018: '<': signed/unsigned mismatch
c:\users\us3rs\desktop\machine learning\it works!\ann\ann\ann.cpp(40): warning C4244: '=': conversion from 'int' to 'float', possible loss of data
c:\users\us3rs\desktop\machine learning\it works!\ann\ann\ann.cpp(87): warning C4018: '<': signed/unsigned mismatch
c:\users\us3rs\desktop\machine learning\it works!\ann\ann\ann.cpp(155): warning C4018: '<': signed/unsigned mismatch
c:\users\us3rs\desktop\machine learning\it works!\ann\ann\ann.cpp(158): warning C4018: '<': signed/unsigned mismatch
c:\users\us3rs\desktop\machine learning\it works!\ann\ann\ann.cpp(176): warning C4018: '<': signed/unsigned mismatch
c:\users\us3rs\desktop\machine learning\it works!\ann\ann\ann.cpp(177): warning C4018: '<': signed/unsigned mismatch
c:\users\us3rs\desktop\machine learning\it works!\ann\ann\ann.cpp(183): warning C4018: '<': signed/unsigned mismatch
c:\users\us3rs\desktop\machine learning\it works!\ann\ann\ann.cpp(192): warning C4018: '<': signed/unsigned mismatch
c:\users\us3rs\desktop\machine learning\it works!\ann\ann\ann.cpp(211): warning C4018: '<': signed/unsigned mismatch
c:\users\us3rs\desktop\machine learning\it works!\ann\ann\ann.cpp(216): warning C4018: '<': signed/unsigned mismatch
c:\users\us3rs\desktop\machine learning\it works!\ann\ann\ann.cpp(221): warning C4018: '<': signed/unsigned mismatch
c:\users\us3rs\desktop\machine learning\it works!\ann\ann\ann.cpp(230): warning C4018: '<': signed/unsigned mismatch
c:\users\us3rs\desktop\machine learning\it works!\ann\ann\ann.cpp(231): warning C4018: '<': signed/unsigned mismatch
c:\users\us3rs\desktop\machine learning\it works!\ann\ann\ann.cpp(245): warning C4018: '<': signed/unsigned mismatch
c:\users\us3rs\desktop\machine learning\it works!\ann\ann\ann.cpp(264): warning C4018: '<': signed/unsigned mismatch
c:\users\us3rs\desktop\machine learning\it works!\ann\ann\ann.cpp(273): warning C4018: '<': signed/unsigned mismatch
c:\users\us3rs\desktop\machine learning\it works!\ann\ann\ann.cpp(277): warning C4018: '<': signed/unsigned mismatch
c:\users\us3rs\desktop\machine learning\it works!\ann\ann\ann.cpp(281): warning C4018: '<': signed/unsigned mismatch
c:\users\us3rs\desktop\machine learning\it works!\ann\ann\ann.cpp(282): warning C4018: '<': signed/unsigned mismatch
  Generating Code...
  Skipping... (no relevant changes detected)
  neuron.cpp
LINK : fatal error LNK1561: entry point must be defined
